<?xml version="1.0" encoding="UTF-8"?>
<testng-results ignored="0" total="1" passed="1" failed="0" skipped="0">
  <reporter-output>
  </reporter-output>
  <suite started-at="2026-04-07T08:47:40 GMT+07:00" name="Surefire suite" finished-at="2026-04-07T08:47:48 GMT+07:00" duration-ms="8651">
    <groups>
    </groups>
    <test started-at="2026-04-07T08:47:40 GMT+07:00" name="Surefire test" finished-at="2026-04-07T08:47:48 GMT+07:00" duration-ms="8651">
      <class name="tests.LoginTest">
        <test-method is-config="true" signature="setup()[pri:0, instance:tests.LoginTest@49d904ec]" started-at="2026-04-07T08:47:40 GMT+07:00" name="setup" finished-at="2026-04-07T08:47:46 GMT+07:00" duration-ms="5866" status="PASS">
          <reporter-output>
          </reporter-output>
        </test-method> <!-- setup -->
        <test-method signature="testTitle()[pri:0, instance:tests.LoginTest@49d904ec]" started-at="2026-04-07T08:47:46 GMT+07:00" name="testTitle" finished-at="2026-04-07T08:47:46 GMT+07:00" duration-ms="249" status="PASS">
          <reporter-output>
          </reporter-output>
        </test-method> <!-- testTitle -->
        <test-method is-config="true" signature="tearDown()[pri:0, instance:tests.LoginTest@49d904ec]" started-at="2026-04-07T08:47:46 GMT+07:00" name="tearDown" finished-at="2026-04-07T08:47:48 GMT+07:00" duration-ms="2431" status="PASS">
          <reporter-output>
          </reporter-output>
        </test-method> <!-- tearDown -->
      </class> <!-- tests.LoginTest -->
    </test> <!-- Surefire test -->
  </suite> <!-- Surefire suite -->
</testng-results>
